<?xml version="1.0" encoding="UTF-8"?>
<!-- Generated by org.testng.reporters.JUnitXMLReporter -->
<testsuite ignored="0" hostname="DESKTOP-HEJ0U33" failures="0" tests="9" name="Default test" time="0.739" errors="0" timestamp="2020-06-25T15:03:53 ICT">
  <testcase classname="tests.BaseClass" name="@BeforeMethod beforeMethod" time="-1.593072233289E9">
    <failure type="org.testng.TestNGException" message="
Parameter &amp;apos;deviceName&amp;apos; is required by BeforeMethod on method beforeMethod but has not been marked @Optional or defined
in C:\Users\NhanDT\AppData\Local\Temp\testng-eclipse-105686516\testng-customsuite.xml">
      <![CDATA[org.testng.TestNGException: 
Parameter 'deviceName' is required by BeforeMethod on method beforeMethod but has not been marked @Optional or defined
in C:\Users\NhanDT\AppData\Local\Temp\testng-eclipse-105686516\testng-customsuite.xml
at org.testng.internal.Parameters.createParams(Parameters.java:272)
at org.testng.internal.Parameters.createParametersForMethod(Parameters.java:360)
at org.testng.internal.Parameters.createParameters(Parameters.java:704)
at org.testng.internal.Parameters.createConfigurationParameters(Parameters.java:166)
at org.testng.internal.ConfigInvoker.invokeConfigurations(ConfigInvoker.java:283)
at org.testng.internal.TestInvoker.runConfigMethods(TestInvoker.java:695)
at org.testng.internal.TestInvoker.invokeMethod(TestInvoker.java:523)
at org.testng.internal.TestInvoker.invokeTestMethod(TestInvoker.java:173)
at org.testng.internal.MethodRunner.runInSequence(MethodRunner.java:46)
at org.testng.internal.TestInvoker$MethodInvocationAgent.invoke(TestInvoker.java:816)
at org.testng.internal.TestInvoker.invokeTestMethods(TestInvoker.java:146)
at org.testng.internal.TestMethodWorker.invokeTestMethods(TestMethodWorker.java:146)
at org.testng.internal.TestMethodWorker.run(TestMethodWorker.java:128)
at java.base/java.util.ArrayList.forEach(ArrayList.java:1510)
at org.testng.TestRunner.privateRun(TestRunner.java:766)
at org.testng.TestRunner.run(TestRunner.java:587)
at org.testng.SuiteRunner.runTest(SuiteRunner.java:384)
at org.testng.SuiteRunner.runSequentially(SuiteRunner.java:378)
at org.testng.SuiteRunner.privateRun(SuiteRunner.java:337)
at org.testng.SuiteRunner.run(SuiteRunner.java:286)
at org.testng.SuiteRunnerWorker.runSuite(SuiteRunnerWorker.java:53)
at org.testng.SuiteRunnerWorker.run(SuiteRunnerWorker.java:96)
at org.testng.TestNG.runSuitesSequentially(TestNG.java:1187)
at org.testng.TestNG.runSuitesLocally(TestNG.java:1109)
at org.testng.TestNG.runSuites(TestNG.java:1039)
at org.testng.TestNG.run(TestNG.java:1007)
at org.testng.remote.AbstractRemoteTestNG.run(AbstractRemoteTestNG.java:115)
at org.testng.remote.RemoteTestNG.initAndRun(RemoteTestNG.java:251)
at org.testng.remote.RemoteTestNG.main(RemoteTestNG.java:77)
]]>
    </failure>
  </testcase> <!-- @BeforeMethod beforeMethod -->
  <testcase classname="tests.BaseClass" name="@AfterMethod afterMethod" time="-1.593072233312E9">
    <skipped/>
  </testcase> <!-- @AfterMethod afterMethod -->
  <testcase classname="tests.BaseClass" name="@BeforeMethod beforeMethod" time="-1.593072233317E9">
    <skipped/>
  </testcase> <!-- @BeforeMethod beforeMethod -->
  <testcase classname="tests.BaseClass" name="@AfterMethod afterMethod" time="-1.593072233327E9">
    <skipped/>
  </testcase> <!-- @AfterMethod afterMethod -->
  <testcase classname="tests.BaseClass" name="@BeforeMethod beforeMethod" time="-1.593072233333E9">
    <skipped/>
  </testcase> <!-- @BeforeMethod beforeMethod -->
  <testcase classname="tests.BaseClass" name="@AfterMethod afterMethod" time="-1.593072233343E9">
    <skipped/>
  </testcase> <!-- @AfterMethod afterMethod -->
  <testcase classname="tests.BaseClass" name="@BeforeMethod beforeMethod" time="-1.593072233347E9">
    <skipped/>
  </testcase> <!-- @BeforeMethod beforeMethod -->
  <testcase classname="tests.BaseClass" name="@AfterMethod afterMethod" time="-1.593072233355E9">
    <skipped/>
  </testcase> <!-- @AfterMethod afterMethod -->
  <testcase classname="tests.BaseClass" name="@BeforeMethod beforeMethod" time="-1.593072233359E9">
    <skipped/>
  </testcase> <!-- @BeforeMethod beforeMethod -->
  <testcase classname="tests.BaseClass" name="@AfterMethod afterMethod" time="-1.593072233367E9">
    <skipped/>
  </testcase> <!-- @AfterMethod afterMethod -->
  <testcase classname="tests.BaseClass" name="@BeforeMethod beforeMethod" time="-1.593072233368E9">
    <skipped/>
  </testcase> <!-- @BeforeMethod beforeMethod -->
  <testcase classname="tests.BaseClass" name="@AfterMethod afterMethod" time="-1.593072233378E9">
    <skipped/>
  </testcase> <!-- @AfterMethod afterMethod -->
  <testcase classname="tests.BaseClass" name="@BeforeMethod beforeMethod" time="-1.59307223338E9">
    <skipped/>
  </testcase> <!-- @BeforeMethod beforeMethod -->
  <testcase classname="tests.BaseClass" name="@AfterMethod afterMethod" time="-1.593072233384E9">
    <skipped/>
  </testcase> <!-- @AfterMethod afterMethod -->
  <testcase classname="tests.BaseClass" name="@BeforeMethod beforeMethod" time="-1.593072233385E9">
    <skipped/>
  </testcase> <!-- @BeforeMethod beforeMethod -->
  <testcase classname="tests.BaseClass" name="@AfterMethod afterMethod" time="-1.59307223339E9">
    <skipped/>
  </testcase> <!-- @AfterMethod afterMethod -->
  <testcase classname="tests.BaseClass" name="@BeforeMethod beforeMethod" time="-1.593072233393E9">
    <skipped/>
  </testcase> <!-- @BeforeMethod beforeMethod -->
  <testcase classname="tests.BaseClass" name="@AfterMethod afterMethod" time="-1.5930722334E9">
    <skipped/>
  </testcase> <!-- @AfterMethod afterMethod -->
  <testcase classname="tests.BaseClass" name="sendEmail" time="0.0">
    <skipped/>
  </testcase> <!-- sendEmail -->
  <testcase classname="tests.BaseClass" name="sendEmail" time="0.0">
    <skipped/>
  </testcase> <!-- sendEmail -->
  <testcase classname="tests.BaseClass" name="sendEmail" time="0.0">
    <skipped/>
  </testcase> <!-- sendEmail -->
  <testcase classname="tests.BaseClass" name="sendEmail" time="0.0">
    <skipped/>
  </testcase> <!-- sendEmail -->
  <testcase classname="tests.BaseClass" name="sendEmail" time="0.0">
    <skipped/>
  </testcase> <!-- sendEmail -->
  <testcase classname="tests.BaseClass" name="sendEmail" time="0.0">
    <skipped/>
  </testcase> <!-- sendEmail -->
  <testcase classname="tests.BaseClass" name="sendEmail" time="0.0">
    <skipped/>
  </testcase> <!-- sendEmail -->
  <testcase classname="tests.BaseClass" name="sendEmail" time="0.0">
    <skipped/>
  </testcase> <!-- sendEmail -->
  <testcase classname="tests.BaseClass" name="sendEmail" time="0.0">
    <skipped/>
  </testcase> <!-- sendEmail -->
</testsuite> <!-- Default test -->
