<?xml version="1.0" encoding="UTF-8"?>
<testng-results ignored="0" total="3" passed="2" failed="1" skipped="0">
  <reporter-output>
  </reporter-output>
  <suite started-at="2020-07-01T15:40:38 ICT" name="parallel" finished-at="2020-07-01T15:44:21 ICT" duration-ms="223738">
    <groups>
    </groups>
    <test started-at="2020-07-01T15:40:38 ICT" name="Device-1" finished-at="2020-07-01T15:44:21 ICT" duration-ms="223738">
      <class name="tests.BaseClass">
        <test-method is-config="true" signature="beforeMethod(java.lang.String, java.lang.String, java.lang.String, java.lang.String)[pri:0, instance:tests.BaseClass@140e5a13]" started-at="2020-07-01T15:40:38 ICT" name="beforeMethod" finished-at="2020-07-01T15:41:16 ICT" duration-ms="37866" status="PASS">
          <params>
            <param index="0">
              <value>
                <![CDATA[Galaxy A5]]>
              </value>
            </param>
            <param index="1">
              <value>
                <![CDATA[330089a828d1a343]]>
              </value>
            </param>
            <param index="2">
              <value>
                <![CDATA[7.0]]>
              </value>
            </param>
            <param index="3">
              <value>
                <![CDATA[http://0.0.0.0:4723/wd/hub]]>
              </value>
            </param>
          </params>
          <reporter-output>
          </reporter-output>
        </test-method> <!-- beforeMethod -->
        <test-method signature="TC3()[pri:0, instance:tests.BaseClass@140e5a13]" started-at="2020-07-01T15:41:16 ICT" name="TC3" finished-at="2020-07-01T15:41:48 ICT" duration-ms="32209" status="FAIL">
          <exception class="org.openqa.selenium.TimeoutException">
            <message>
              <![CDATA[Expected condition failed: waiting for visibility of all elements located by By.id: com.google.android.gm:id/account_address (tried for 30 second(s) with 500 milliseconds interval)
Build info: version: '3.141.59', revision: 'e82be7d358', time: '2018-11-14T08:17:03'
System info: host: 'DESKTOP-HEJ0U33', ip: '192.168.137.1', os.name: 'Windows 10', os.arch: 'amd64', os.version: '10.0', java.version: '14.0.1'
Driver info: io.appium.java_client.AppiumDriver
Capabilities {appActivity: .ConversationListActivityGmail, appPackage: com.google.android.gm, databaseEnabled: false, desired: {appActivity: .ConversationListActivityGmail, appPackage: com.google.android.gm, deviceName: Galaxy A5, platformName: android, platformVersion: 7.0, udid: 330089a828d1a343}, deviceApiLevel: 24, deviceManufacturer: samsung, deviceModel: SM-A510F, deviceName: 330089a828d1a343, deviceScreenDensity: 480, deviceScreenSize: 1080x1920, deviceUDID: 330089a828d1a343, javascriptEnabled: true, locationContextEnabled: false, networkConnectionEnabled: true, pixelRatio: 3, platform: LINUX, platformName: Android, platformVersion: 7.0, statBarHeight: 72, takesScreenshot: true, udid: 330089a828d1a343, viewportRect: {height: 1848, left: 0, top: 72, width: 1080}, warnings: {}, webStorageEnabled: false}
Session ID: 978b8835-aebd-4ff2-89af-7013ca43a151]]>
            </message>
            <full-stacktrace>
              <![CDATA[org.openqa.selenium.TimeoutException: Expected condition failed: waiting for visibility of all elements located by By.id: com.google.android.gm:id/account_address (tried for 30 second(s) with 500 milliseconds interval)
Build info: version: '3.141.59', revision: 'e82be7d358', time: '2018-11-14T08:17:03'
System info: host: 'DESKTOP-HEJ0U33', ip: '192.168.137.1', os.name: 'Windows 10', os.arch: 'amd64', os.version: '10.0', java.version: '14.0.1'
Driver info: io.appium.java_client.AppiumDriver
Capabilities {appActivity: .ConversationListActivityGmail, appPackage: com.google.android.gm, databaseEnabled: false, desired: {appActivity: .ConversationListActivityGmail, appPackage: com.google.android.gm, deviceName: Galaxy A5, platformName: android, platformVersion: 7.0, udid: 330089a828d1a343}, deviceApiLevel: 24, deviceManufacturer: samsung, deviceModel: SM-A510F, deviceName: 330089a828d1a343, deviceScreenDensity: 480, deviceScreenSize: 1080x1920, deviceUDID: 330089a828d1a343, javascriptEnabled: true, locationContextEnabled: false, networkConnectionEnabled: true, pixelRatio: 3, platform: LINUX, platformName: Android, platformVersion: 7.0, statBarHeight: 72, takesScreenshot: true, udid: 330089a828d1a343, viewportRect: {height: 1848, left: 0, top: 72, width: 1080}, warnings: {}, webStorageEnabled: false}
Session ID: 978b8835-aebd-4ff2-89af-7013ca43a151
at org.openqa.selenium.support.ui.WebDriverWait.timeoutException(WebDriverWait.java:95)
at org.openqa.selenium.support.ui.FluentWait.until(FluentWait.java:272)
at pages.MobileMailSignIn.goToEmail(MobileMailSignIn.java:29)
at tests.BaseClass.TC3(BaseClass.java:87)
at java.base/jdk.internal.reflect.NativeMethodAccessorImpl.invoke0(Native Method)
at java.base/jdk.internal.reflect.NativeMethodAccessorImpl.invoke(NativeMethodAccessorImpl.java:62)
at java.base/jdk.internal.reflect.DelegatingMethodAccessorImpl.invoke(DelegatingMethodAccessorImpl.java:43)
at java.base/java.lang.reflect.Method.invoke(Method.java:564)
at org.testng.internal.MethodInvocationHelper.invokeMethod(MethodInvocationHelper.java:134)
at org.testng.internal.TestInvoker.invokeMethod(TestInvoker.java:597)
at org.testng.internal.TestInvoker.invokeTestMethod(TestInvoker.java:173)
at org.testng.internal.MethodRunner.runInSequence(MethodRunner.java:46)
at org.testng.internal.TestInvoker$MethodInvocationAgent.invoke(TestInvoker.java:816)
at org.testng.internal.TestInvoker.invokeTestMethods(TestInvoker.java:146)
at org.testng.internal.TestMethodWorker.invokeTestMethods(TestMethodWorker.java:146)
at org.testng.internal.TestMethodWorker.run(TestMethodWorker.java:128)
at java.base/java.util.ArrayList.forEach(ArrayList.java:1510)
at org.testng.TestRunner.privateRun(TestRunner.java:766)
at org.testng.TestRunner.run(TestRunner.java:587)
at org.testng.SuiteRunner.runTest(SuiteRunner.java:384)
at org.testng.SuiteRunner.runSequentially(SuiteRunner.java:378)
at org.testng.SuiteRunner.privateRun(SuiteRunner.java:337)
at org.testng.SuiteRunner.run(SuiteRunner.java:286)
at org.testng.SuiteRunnerWorker.runSuite(SuiteRunnerWorker.java:53)
at org.testng.SuiteRunnerWorker.run(SuiteRunnerWorker.java:96)
at org.testng.TestNG.runSuitesSequentially(TestNG.java:1187)
at org.testng.TestNG.runSuitesLocally(TestNG.java:1109)
at org.testng.TestNG.runSuites(TestNG.java:1039)
at org.testng.TestNG.run(TestNG.java:1007)
at org.apache.maven.surefire.testng.TestNGExecutor.run(TestNGExecutor.java:295)
at org.apache.maven.surefire.testng.TestNGXmlTestSuite.execute(TestNGXmlTestSuite.java:84)
at org.apache.maven.surefire.testng.TestNGProvider.invoke(TestNGProvider.java:90)
at org.apache.maven.surefire.booter.ForkedBooter.invokeProviderInSameClassLoader(ForkedBooter.java:203)
at org.apache.maven.surefire.booter.ForkedBooter.runSuitesInProcess(ForkedBooter.java:155)
at org.apache.maven.surefire.booter.ForkedBooter.main(ForkedBooter.java:103)
]]>
            </full-stacktrace>
          </exception> <!-- org.openqa.selenium.TimeoutException -->
          <reporter-output>
          </reporter-output>
        </test-method> <!-- TC3 -->
        <test-method is-config="true" signature="afterMethod()[pri:0, instance:tests.BaseClass@140e5a13]" started-at="2020-07-01T15:41:48 ICT" name="afterMethod" finished-at="2020-07-01T15:41:50 ICT" duration-ms="2233" status="PASS">
          <reporter-output>
          </reporter-output>
        </test-method> <!-- afterMethod -->
        <test-method is-config="true" signature="beforeMethod(java.lang.String, java.lang.String, java.lang.String, java.lang.String)[pri:0, instance:tests.BaseClass@140e5a13]" started-at="2020-07-01T15:41:51 ICT" name="beforeMethod" finished-at="2020-07-01T15:42:25 ICT" duration-ms="34875" status="PASS">
          <params>
            <param index="0">
              <value>
                <![CDATA[Galaxy A5]]>
              </value>
            </param>
            <param index="1">
              <value>
                <![CDATA[330089a828d1a343]]>
              </value>
            </param>
            <param index="2">
              <value>
                <![CDATA[7.0]]>
              </value>
            </param>
            <param index="3">
              <value>
                <![CDATA[http://0.0.0.0:4723/wd/hub]]>
              </value>
            </param>
          </params>
          <reporter-output>
          </reporter-output>
        </test-method> <!-- beforeMethod -->
        <test-method signature="sendEmailWithContent(java.lang.String, java.lang.String, java.lang.String, java.lang.String, java.lang.String)[pri:0, instance:tests.BaseClass@140e5a13]" started-at="2020-07-01T15:42:25 ICT" name="sendEmailWithContent" data-provider="email-with-content" finished-at="2020-07-01T15:43:04 ICT" duration-ms="38287" status="PASS">
          <params>
            <param index="0">
              <value>
                <![CDATA[lqademomail@gmail.com]]>
              </value>
            </param>
            <param index="1">
              <value>
                <![CDATA[appiumDemo0@gmail.com]]>
              </value>
            </param>
            <param index="2">
              <value>
                <![CDATA[lqa@12345]]>
              </value>
            </param>
            <param index="3">
              <value>
                <![CDATA[Appium Demo Email]]>
              </value>
            </param>
            <param index="4">
              <value>
                <![CDATA[This is auto email]]>
              </value>
            </param>
          </params>
          <reporter-output>
          </reporter-output>
        </test-method> <!-- sendEmailWithContent -->
        <test-method is-config="true" signature="afterMethod()[pri:0, instance:tests.BaseClass@140e5a13]" started-at="2020-07-01T15:43:04 ICT" name="afterMethod" finished-at="2020-07-01T15:43:07 ICT" duration-ms="2841" status="PASS">
          <reporter-output>
          </reporter-output>
        </test-method> <!-- afterMethod -->
        <test-method is-config="true" signature="beforeMethod(java.lang.String, java.lang.String, java.lang.String, java.lang.String)[pri:0, instance:tests.BaseClass@140e5a13]" started-at="2020-07-01T15:43:07 ICT" name="beforeMethod" finished-at="2020-07-01T15:43:43 ICT" duration-ms="36695" status="PASS">
          <params>
            <param index="0">
              <value>
                <![CDATA[Galaxy A5]]>
              </value>
            </param>
            <param index="1">
              <value>
                <![CDATA[330089a828d1a343]]>
              </value>
            </param>
            <param index="2">
              <value>
                <![CDATA[7.0]]>
              </value>
            </param>
            <param index="3">
              <value>
                <![CDATA[http://0.0.0.0:4723/wd/hub]]>
              </value>
            </param>
          </params>
          <reporter-output>
          </reporter-output>
        </test-method> <!-- beforeMethod -->
        <test-method signature="sendEmailWithoutContent(java.lang.String, java.lang.String, java.lang.String, java.lang.String)[pri:0, instance:tests.BaseClass@140e5a13]" started-at="2020-07-01T15:43:43 ICT" name="sendEmailWithoutContent" data-provider="email-without-content" finished-at="2020-07-01T15:44:19 ICT" duration-ms="35353" status="PASS">
          <params>
            <param index="0">
              <value>
                <![CDATA[lqaavn@gmail.com]]>
              </value>
            </param>
            <param index="1">
              <value>
                <![CDATA[lqademomail@gmail.com]]>
              </value>
            </param>
            <param index="2">
              <value>
                <![CDATA[lqa@12345]]>
              </value>
            </param>
            <param index="3">
              <value>
                <![CDATA[Appium Demo Email]]>
              </value>
            </param>
          </params>
          <reporter-output>
          </reporter-output>
        </test-method> <!-- sendEmailWithoutContent -->
        <test-method is-config="true" signature="afterMethod()[pri:0, instance:tests.BaseClass@140e5a13]" started-at="2020-07-01T15:44:19 ICT" name="afterMethod" finished-at="2020-07-01T15:44:21 ICT" duration-ms="2650" status="PASS">
          <reporter-output>
          </reporter-output>
        </test-method> <!-- afterMethod -->
      </class> <!-- tests.BaseClass -->
    </test> <!-- Device-1 -->
  </suite> <!-- parallel -->
</testng-results>
