<?xml version="1.0" encoding="UTF-8"?>
<testsuite name="TestSuite" time="105.865" tests="3" errors="0" skipped="0" failures="1">
  <properties>
[...]
</properties>
  <testcase name="TC3" classname="tests.BaseClass" time="32.221">
    <failure message="Expected condition failed: waiting for visibility of all elements located by By.id: com.google.android.gm:id/account_address (tried for 30 second(s) with 500 milliseconds interval)&#10;Build info: version: &apos;3.141.59&apos;, revision: &apos;e82be7d358&apos;, time: &apos;2018-11-14T08:17:03&apos;&#10;System info: host: &apos;DESKTOP-HEJ0U33&apos;, ip: &apos;192.168.137.1&apos;, os.name: &apos;Windows 10&apos;, os.arch: &apos;amd64&apos;, os.version: &apos;10.0&apos;, java.version: &apos;14.0.1&apos;&#10;Driver info: io.appium.java_client.AppiumDriver&#10;Capabilities {appActivity: .ConversationListActivityGmail, appPackage: com.google.android.gm, databaseEnabled: false, desired: {appActivity: .ConversationListActivityGmail, appPackage: com.google.android.gm, deviceName: Galaxy A5, platformName: android, platformVersion: 7.0, udid: 330089a828d1a343}, deviceApiLevel: 24, deviceManufacturer: samsung, deviceModel: SM-A510F, deviceName: 330089a828d1a343, deviceScreenDensity: 480, deviceScreenSize: 1080x1920, deviceUDID: 330089a828d1a343, javascriptEnabled: true, locationContextEnabled: false, networkConnectionEnabled: true, pixelRatio: 3, platform: LINUX, platformName: Android, platformVersion: 7.0, statBarHeight: 72, takesScreenshot: true, udid: 330089a828d1a343, viewportRect: {height: 1848, left: 0, top: 72, width: 1080}, warnings: {}, webStorageEnabled: false}&#10;Session ID: 978b8835-aebd-4ff2-89af-7013ca43a151" type="org.openqa.selenium.TimeoutException">org.openqa.selenium.TimeoutException: Expected condition failed: waiting for visibility of all elements located by By.id: com.google.android.gm:id/account_address (tried for 30 second(s) with 500 milliseconds interval)
Build info: version: '3.141.59', revision: 'e82be7d358', time: '2018-11-14T08:17:03'
System info: host: 'DESKTOP-HEJ0U33', ip: '192.168.137.1', os.name: 'Windows 10', os.arch: 'amd64', os.version: '10.0', java.version: '14.0.1'
Driver info: io.appium.java_client.AppiumDriver
Capabilities {appActivity: .ConversationListActivityGmail, appPackage: com.google.android.gm, databaseEnabled: false, desired: {appActivity: .ConversationListActivityGmail, appPackage: com.google.android.gm, deviceName: Galaxy A5, platformName: android, platformVersion: 7.0, udid: 330089a828d1a343}, deviceApiLevel: 24, deviceManufacturer: samsung, deviceModel: SM-A510F, deviceName: 330089a828d1a343, deviceScreenDensity: 480, deviceScreenSize: 1080x1920, deviceUDID: 330089a828d1a343, javascriptEnabled: true, locationContextEnabled: false, networkConnectionEnabled: true, pixelRatio: 3, platform: LINUX, platformName: Android, platformVersion: 7.0, statBarHeight: 72, takesScreenshot: true, udid: 330089a828d1a343, viewportRect: {height: 1848, left: 0, top: 72, width: 1080}, warnings: {}, webStorageEnabled: false}
Session ID: 978b8835-aebd-4ff2-89af-7013ca43a151
	at org.openqa.selenium.support.ui.WebDriverWait.timeoutException(WebDriverWait.java:95)
	at org.openqa.selenium.support.ui.FluentWait.until(FluentWait.java:272)
	at pages.MobileMailSignIn.goToEmail(MobileMailSignIn.java:29)
	at tests.BaseClass.TC3(BaseClass.java:87)
</failure>
    <system-out><![CDATA[[INFO] Starting Gmail
]]></system-out>
    <system-err><![CDATA[Jul 01, 2020 3:41:10 PM io.appium.java_client.remote.AppiumCommandExecutor$1 lambda$0
INFO: Detected dialect: W3C
Starting ChromeDriver 83.0.4103.39 (ccbf011cb2d2b19b506d844400483861342c20cd-refs/branch-heads/4103@{#416}) on port 31464
Only local connections are allowed.
Please see https://chromedriver.chromium.org/security-considerations for suggestions on keeping ChromeDriver safe.
ChromeDriver was started successfully.
Jul 01, 2020 3:41:13 PM org.openqa.selenium.remote.ProtocolHandshake createSession
INFO: Detected dialect: W3C
]]></system-err>
  </testcase>
  <testcase name="sendEmailWithContent" classname="tests.BaseClass" time="38.289"/>
  <testcase name="sendEmailWithoutContent" classname="tests.BaseClass" time="35.355"/>
</testsuite>