<?xml version="1.0" encoding="UTF-8"?>
<testng-results ignored="0" total="1" passed="1" failed="0" skipped="0">
  <reporter-output>
  </reporter-output>
  <suite started-at="2020-06-24T17:52:01 ICT" name="Default suite" finished-at="2020-06-24T17:53:37 ICT" duration-ms="95305">
    <groups>
    </groups>
    <test started-at="2020-06-24T17:52:01 ICT" name="Default test" finished-at="2020-06-24T17:53:37 ICT" duration-ms="95305">
      <class name="tests.BaseClass">
        <test-method is-config="true" signature="beforeMethod()[pri:0, instance:tests.BaseClass@1a04f701]" started-at="2020-06-24T17:52:02 ICT" name="beforeMethod" finished-at="2020-06-24T17:52:54 ICT" duration-ms="52076" status="PASS">
          <reporter-output>
          </reporter-output>
        </test-method> <!-- beforeMethod -->
        <test-method signature="sendEmail(java.lang.String, java.lang.String, java.lang.String, java.lang.String, java.lang.String)[pri:0, instance:tests.BaseClass@1a04f701]" started-at="2020-06-24T17:52:54 ICT" name="sendEmail" data-provider="email-to-send" finished-at="2020-06-24T17:53:34 ICT" duration-ms="39983" status="PASS">
          <params>
            <param index="0">
              <value>
                <![CDATA[lqademomail@gmail.com]]>
              </value>
            </param>
            <param index="1">
              <value>
                <![CDATA[appiumDemo0@gmail.com]]>
              </value>
            </param>
            <param index="2">
              <value>
                <![CDATA[lqa@12345]]>
              </value>
            </param>
            <param index="3">
              <value>
                <![CDATA[Appium Demo Email]]>
              </value>
            </param>
            <param index="4">
              <value>
                <![CDATA[This is auto email]]>
              </value>
            </param>
          </params>
          <reporter-output>
          </reporter-output>
        </test-method> <!-- sendEmail -->
        <test-method is-config="true" signature="afterMethod()[pri:0, instance:tests.BaseClass@1a04f701]" started-at="2020-06-24T17:53:34 ICT" name="afterMethod" finished-at="2020-06-24T17:53:37 ICT" duration-ms="2687" status="PASS">
          <reporter-output>
          </reporter-output>
        </test-method> <!-- afterMethod -->
      </class> <!-- tests.BaseClass -->
    </test> <!-- Default test -->
  </suite> <!-- Default suite -->
</testng-results>
