<?xml version="1.0" encoding="UTF-8"?>
<!-- Generated by org.testng.reporters.JUnitXMLReporter -->
<testsuite ignored="0" hostname="DESKTOP-HEJ0U33" failures="1" tests="3" name="Device-1" time="223.738" errors="0" timestamp="2020-07-01T15:44:21 ICT">
  <testcase classname="tests.BaseClass" name="TC3" time="32.209">
    <failure type="org.openqa.selenium.TimeoutException" message="Expected condition failed: waiting for visibility of all elements located by By.id: com.google.android.gm:id/account_address (tried for 30 second(s) with 500 milliseconds interval)
Build info: version: &amp;apos;3.141.59&amp;apos;, revision: &amp;apos;e82be7d358&amp;apos;, time: &amp;apos;2018-11-14T08:17:03&amp;apos;
System info: host: &amp;apos;DESKTOP-HEJ0U33&amp;apos;, ip: &amp;apos;192.168.137.1&amp;apos;, os.name: &amp;apos;Windows 10&amp;apos;, os.arch: &amp;apos;amd64&amp;apos;, os.version: &amp;apos;10.0&amp;apos;, java.version: &amp;apos;14.0.1&amp;apos;
Driver info: io.appium.java_client.AppiumDriver
Capabilities {appActivity: .ConversationListActivityGmail, appPackage: com.google.android.gm, databaseEnabled: false, desired: {appActivity: .ConversationListActivityGmail, appPackage: com.google.android.gm, deviceName: Galaxy A5, platformName: android, platformVersion: 7.0, udid: 330089a828d1a343}, deviceApiLevel: 24, deviceManufacturer: samsung, deviceModel: SM-A510F, deviceName: 330089a828d1a343, deviceScreenDensity: 480, deviceScreenSize: 1080x1920, deviceUDID: 330089a828d1a343, javascriptEnabled: true, locationContextEnabled: false, networkConnectionEnabled: true, pixelRatio: 3, platform: LINUX, platformName: Android, platformVersion: 7.0, statBarHeight: 72, takesScreenshot: true, udid: 330089a828d1a343, viewportRect: {height: 1848, left: 0, top: 72, width: 1080}, warnings: {}, webStorageEnabled: false}
Session ID: 978b8835-aebd-4ff2-89af-7013ca43a151">
      <![CDATA[org.openqa.selenium.TimeoutException: Expected condition failed: waiting for visibility of all elements located by By.id: com.google.android.gm:id/account_address (tried for 30 second(s) with 500 milliseconds interval)
Build info: version: '3.141.59', revision: 'e82be7d358', time: '2018-11-14T08:17:03'
System info: host: 'DESKTOP-HEJ0U33', ip: '192.168.137.1', os.name: 'Windows 10', os.arch: 'amd64', os.version: '10.0', java.version: '14.0.1'
Driver info: io.appium.java_client.AppiumDriver
Capabilities {appActivity: .ConversationListActivityGmail, appPackage: com.google.android.gm, databaseEnabled: false, desired: {appActivity: .ConversationListActivityGmail, appPackage: com.google.android.gm, deviceName: Galaxy A5, platformName: android, platformVersion: 7.0, udid: 330089a828d1a343}, deviceApiLevel: 24, deviceManufacturer: samsung, deviceModel: SM-A510F, deviceName: 330089a828d1a343, deviceScreenDensity: 480, deviceScreenSize: 1080x1920, deviceUDID: 330089a828d1a343, javascriptEnabled: true, locationContextEnabled: false, networkConnectionEnabled: true, pixelRatio: 3, platform: LINUX, platformName: Android, platformVersion: 7.0, statBarHeight: 72, takesScreenshot: true, udid: 330089a828d1a343, viewportRect: {height: 1848, left: 0, top: 72, width: 1080}, warnings: {}, webStorageEnabled: false}
Session ID: 978b8835-aebd-4ff2-89af-7013ca43a151
at org.openqa.selenium.support.ui.WebDriverWait.timeoutException(WebDriverWait.java:95)
at org.openqa.selenium.support.ui.FluentWait.until(FluentWait.java:272)
at pages.MobileMailSignIn.goToEmail(MobileMailSignIn.java:29)
at tests.BaseClass.TC3(BaseClass.java:87)
at java.base/java.util.ArrayList.forEach(ArrayList.java:1510)
... Removed 30 stack frames]]>
    </failure>
  </testcase> <!-- TC3 -->
  <testcase classname="tests.BaseClass" name="sendEmailWithContent" time="38.287"/>
  <testcase classname="tests.BaseClass" name="sendEmailWithoutContent" time="35.353"/>
</testsuite> <!-- Device-1 -->
